Determining if the pthread_create exist failed with the following output:
Change Dir: /home/abinesh/shyft_solidity_Apr24_WithOpCode_Pragma/cmake-build-debug/CMakeFiles/CMakeTmp

Run Build Command:"/usr/bin/make" "cmTC_b7686/fast"
/usr/bin/make -f CMakeFiles/cmTC_b7686.dir/build.make CMakeFiles/cmTC_b7686.dir/build
make[1]: Entering directory '/home/abinesh/shyft_solidity_Apr24_WithOpCode_Pragma/cmake-build-debug/CMakeFiles/CMakeTmp'
Building C object CMakeFiles/cmTC_b7686.dir/CheckSymbolExists.c.o
/usr/bin/cc    -o CMakeFiles/cmTC_b7686.dir/CheckSymbolExists.c.o   -c /home/abinesh/shyft_solidity_Apr24_WithOpCode_Pragma/cmake-build-debug/CMakeFiles/CMakeTmp/CheckSymbolExists.c
Linking C executable cmTC_b7686
/home/abinesh/clion-2018.1.1/bin/cmake/bin/cmake -E cmake_link_script CMakeFiles/cmTC_b7686.dir/link.txt --verbose=1
/usr/bin/cc      -rdynamic CMakeFiles/cmTC_b7686.dir/CheckSymbolExists.c.o  -o cmTC_b7686 
CMakeFiles/cmTC_b7686.dir/CheckSymbolExists.c.o: In function `main':
CheckSymbolExists.c:(.text+0x16): undefined reference to `pthread_create'
collect2: error: ld returned 1 exit status
CMakeFiles/cmTC_b7686.dir/build.make:97: recipe for target 'cmTC_b7686' failed
make[1]: *** [cmTC_b7686] Error 1
make[1]: Leaving directory '/home/abinesh/shyft_solidity_Apr24_WithOpCode_Pragma/cmake-build-debug/CMakeFiles/CMakeTmp'
Makefile:126: recipe for target 'cmTC_b7686/fast' failed
make: *** [cmTC_b7686/fast] Error 2

File /home/abinesh/shyft_solidity_Apr24_WithOpCode_Pragma/cmake-build-debug/CMakeFiles/CMakeTmp/CheckSymbolExists.c:
/* */
#include <pthread.h>

int main(int argc, char** argv)
{
  (void)argv;
#ifndef pthread_create
  return ((int*)(&pthread_create))[argc];
#else
  (void)argc;
  return 0;
#endif
}

Determining if the function pthread_create exists in the pthreads failed with the following output:
Change Dir: /home/abinesh/shyft_solidity_Apr24_WithOpCode_Pragma/cmake-build-debug/CMakeFiles/CMakeTmp

Run Build Command:"/usr/bin/make" "cmTC_8424c/fast"
/usr/bin/make -f CMakeFiles/cmTC_8424c.dir/build.make CMakeFiles/cmTC_8424c.dir/build
make[1]: Entering directory '/home/abinesh/shyft_solidity_Apr24_WithOpCode_Pragma/cmake-build-debug/CMakeFiles/CMakeTmp'
Building C object CMakeFiles/cmTC_8424c.dir/CheckFunctionExists.c.o
/usr/bin/cc   -DCHECK_FUNCTION_EXISTS=pthread_create   -o CMakeFiles/cmTC_8424c.dir/CheckFunctionExists.c.o   -c /home/abinesh/clion-2018.1.1/bin/cmake/share/cmake-3.10/Modules/CheckFunctionExists.c
Linking C executable cmTC_8424c
/home/abinesh/clion-2018.1.1/bin/cmake/bin/cmake -E cmake_link_script CMakeFiles/cmTC_8424c.dir/link.txt --verbose=1
/usr/bin/cc  -DCHECK_FUNCTION_EXISTS=pthread_create    -rdynamic CMakeFiles/cmTC_8424c.dir/CheckFunctionExists.c.o  -o cmTC_8424c -lpthreads 
/usr/bin/ld: cannot find -lpthreads
collect2: error: ld returned 1 exit status
CMakeFiles/cmTC_8424c.dir/build.make:97: recipe for target 'cmTC_8424c' failed
make[1]: *** [cmTC_8424c] Error 1
make[1]: Leaving directory '/home/abinesh/shyft_solidity_Apr24_WithOpCode_Pragma/cmake-build-debug/CMakeFiles/CMakeTmp'
Makefile:126: recipe for target 'cmTC_8424c/fast' failed
make: *** [cmTC_8424c/fast] Error 2


Performing C++ SOURCE FILE Test Wimplicit-fallthrough failed with the following output:
Change Dir: /home/abinesh/shyft_solidity_Apr24_WithOpCode_Pragma/cmake-build-debug/CMakeFiles/CMakeTmp

Run Build Command:"/usr/bin/make" "cmTC_a205c/fast"
/usr/bin/make -f CMakeFiles/cmTC_a205c.dir/build.make CMakeFiles/cmTC_a205c.dir/build
make[1]: Entering directory '/home/abinesh/shyft_solidity_Apr24_WithOpCode_Pragma/cmake-build-debug/CMakeFiles/CMakeTmp'
Building CXX object CMakeFiles/cmTC_a205c.dir/src.cxx.o
/usr/bin/c++    -DWimplicit-fallthrough   -Wimplicit-fallthrough -o CMakeFiles/cmTC_a205c.dir/src.cxx.o -c /home/abinesh/shyft_solidity_Apr24_WithOpCode_Pragma/cmake-build-debug/CMakeFiles/CMakeTmp/src.cxx
c++: error: unrecognized command line option '-Wimplicit-fallthrough'
CMakeFiles/cmTC_a205c.dir/build.make:65: recipe for target 'CMakeFiles/cmTC_a205c.dir/src.cxx.o' failed
make[1]: *** [CMakeFiles/cmTC_a205c.dir/src.cxx.o] Error 1
make[1]: Leaving directory '/home/abinesh/shyft_solidity_Apr24_WithOpCode_Pragma/cmake-build-debug/CMakeFiles/CMakeTmp'
Makefile:126: recipe for target 'cmTC_a205c/fast' failed
make: *** [cmTC_a205c/fast] Error 2

Source file was:
int main() { return 0; }
